Day11/曹磊的作业/Day10/jiguang-demo/build/outputs/logs/manifest-merger-debug-report.txt
-- Merging decision tree log ---
category#com.example.day10
INJECTED from src\main\AndroidManifest.xml:56:17-61
INJECTED from src\main\AndroidManifest.xml:64:17-70
	android:name
		INJECTED from src\main\AndroidManifest.xml
		INJECTED from src\main\AndroidManifest.xml
		ADDED from src\main\AndroidManifest.xml:56:27-58
data
INJECTED from src\main\AndroidManifest.xml:105:17-66
	android:host
		ADDED from src\main\AndroidManifest.xml:126:21-45
	android:scheme
		INJECTED from src\main\AndroidManifest.xml
		ADDED from src\main\AndroidManifest.xml:105:23-63
activity#com.example.day10.wxapi.WXEntryActivity
INJECTED from src\main\AndroidManifest.xml:132:9-135:75
	android:exported
		ADDED from src\main\AndroidManifest.xml:134:13-36
	android:theme
		ADDED from src\main\AndroidManifest.xml:135:13-72
	android:name
		INJECTED from src\main\AndroidManifest.xml
		ADDED from src\main\AndroidManifest.xml:133:13-67
provider#cn.jiguang.share.facebook.FacebookContentProvider
INJECTED from src\main\AndroidManifest.xml:138:9-141:39
	android:authorities
		INJECTED from src\main\AndroidManifest.xml
		ADDED from src\main\AndroidManifest.xml:140:13-92
	android:exported
		ADDED from src\main\AndroidManifest.xml:141:13-36
	android:name
		ADDED from src\main\AndroidManifest.xml:139:13-77
manifest
ADDED from src\main\AndroidManifest.xml:2:1-160:12
INJECTED from src\main\AndroidManifest.xml:2:1-160:12
INJECTED from src\main\AndroidManifest.xml:2:1-160:12
INJECTED from src\main\AndroidManifest.xml:2:1-160:12
MERGED from [androidx.constraintlayout:constraintlayout:2.0.1] AndroidManifest.xml:2:1-11:12
MERGED from [androidx.appcompat:appcompat:1.2.0] AndroidManifest.xml:17:1-24:12
MERGED from [:jiguang] AndroidManifest.xml:2:1-336:12
MERGED from [:com.heytap.msp-push-2.1.0:] AndroidManifest.xml:2:1-31:12
MERGED from [androidx.cursoradapter:cursoradapter:1.0.0] AndroidManifest.xml:17:1-22:12
MERGED from [androidx.fragment:fragment:1.1.0] AndroidManifest.xml:17:1-24:12
MERGED from [androidx.appcompat:appcompat-resources:1.2.0] AndroidManifest.xml:17:1-24:12
MERGED from [androidx.drawerlayout:drawerlayout:1.0.0] AndroidManifest.xml:17:1-22:12
MERGED from [androidx.viewpager:viewpager:1.0.0] AndroidManifest.xml:17:1-22:12
MERGED from [androidx.loader:loader:1.0.0] AndroidManifest.xml:17:1-22:12
MERGED from [androidx.activity:activity:1.0.0] AndroidManifest.xml:17:1-24:12
MERGED from [androidx.vectordrawable:vectordrawable-animated:1.1.0] AndroidManifest.xml:17:1-24:12
MERGED from [androidx.vectordrawable:vectordrawable:1.1.0] AndroidManifest.xml:17:1-24:12
MERGED from [androidx.customview:customview:1.0.0] AndroidManifest.xml:17:1-22:12
MERGED from [androidx.core:core:1.3.1] AndroidManifest.xml:17:1-26:12
MERGED from [androidx.versionedparcelable:versionedparcelable:1.1.0] AndroidManifest.xml:17:1-27:12
MERGED from [androidx.lifecycle:lifecycle-runtime:2.1.0] AndroidManifest.xml:17:1-22:12
MERGED from [androidx.lifecycle:lifecycle-viewmodel:2.1.0] AndroidManifest.xml:17:1-22:12
MERGED from [androidx.savedstate:savedstate:1.0.0] AndroidManifest.xml:17:1-24:12
MERGED from [androidx.interpolator:interpolator:1.0.0] AndroidManifest.xml:17:1-22:12
MERGED from [androidx.lifecycle:lifecycle-livedata:2.0.0] AndroidManifest.xml:17:1-22:12
MERGED from [androidx.lifecycle:lifecycle-livedata-core:2.0.0] AndroidManifest.xml:17:1-22:12
MERGED from [androidx.arch.core:core-runtime:2.0.0] AndroidManifest.xml:17:1-22:12
INJECTED from src\main\AndroidManifest.xml:2:1-160:12
INJECTED from src\main\AndroidManifest.xml:2:1-160:12
INJECTED from src\main\AndroidManifest.xml:2:1-160:12
	package
		ADDED from src\main\AndroidManifest.xml:3:5-30
		INJECTED from src\main\AndroidManifest.xml
		INJECTED from src\main\AndroidManifest.xml
	android:versionName
		INJECTED from src\main\AndroidManifest.xml
		ADDED from src\main\AndroidManifest.xml:2:1-160:12
		INJECTED from src\main\AndroidManifest.xml
	android:versionCode
		INJECTED from src\main\AndroidManifest.xml
		ADDED from src\main\AndroidManifest.xml:2:1-160:12
		INJECTED from src\main\AndroidManifest.xml
	xmlns:android
		ADDED from src\main\AndroidManifest.xml:2:11-69
application
ADDED from src\main\AndroidManifest.xml:5:5-158:19
MERGED from [androidx.constraintlayout:constraintlayout:2.0.1] AndroidManifest.xml:9:5-20
MERGED from [androidx.constraintlayout:constraintlayout:2.0.1] AndroidManifest.xml:9:5-20
MERGED from [:jiguang] AndroidManifest.xml:60:5-334:19
MERGED from [:jiguang] AndroidManifest.xml:60:5-334:19
MERGED from [:com.heytap.msp-push-2.1.0:] AndroidManifest.xml:13:5-29:19
MERGED from [:com.heytap.msp-push-2.1.0:] AndroidManifest.xml:13:5-29:19
MERGED from [androidx.core:core:1.3.1] AndroidManifest.xml:24:5-89
MERGED from [androidx.core:core:1.3.1] AndroidManifest.xml:24:5-89
MERGED from [androidx.versionedparcelable:versionedparcelable:1.1.0] AndroidManifest.xml:24:5-25:19
MERGED from [androidx.versionedparcelable:versionedparcelable:1.1.0] AndroidManifest.xml:24:5-25:19
	android:requestLegacyExternalStorage
		ADDED from src\main\AndroidManifest.xml:12:9-52
	android:appComponentFactory
		ADDED from [androidx.core:core:1.3.1] AndroidManifest.xml:24:18-86
	android:supportsRtl
		ADDED from src\main\AndroidManifest.xml:13:9-35
	android:label
		ADDED from src\main\AndroidManifest.xml:9:9-41
	android:roundIcon
		ADDED from src\main\AndroidManifest.xml:11:9-54
	android:icon
		ADDED from src\main\AndroidManifest.xml:8:9-43
	android:allowBackup
		ADDED from src\main\AndroidManifest.xml:7:9-35
	android:networkSecurityConfig
		ADDED from src\main\AndroidManifest.xml:10:9-69
	android:name
		ADDED from src\main\AndroidManifest.xml:6:9-43
activity#cn.jiguang.demo.MainActivity
ADDED from src\main\AndroidManifest.xml:14:9-22:20
	android:theme
		ADDED from src\main\AndroidManifest.xml:16:13-60
	android:name
		ADDED from src\main\AndroidManifest.xml:15:13-41
intent-filter#action:name:android.intent.action.MAIN+category:name:android.intent.category.LAUNCHER
ADDED from src\main\AndroidManifest.xml:17:13-21:29
action#android.intent.action.MAIN
ADDED from src\main\AndroidManifest.xml:18:17-69
	android:name
		ADDED from src\main\AndroidManifest.xml:18:25-66
category#android.intent.category.LAUNCHER
ADDED from src\main\AndroidManifest.xml:20:17-77
	android:name
		ADDED from src\main\AndroidManifest.xml:20:27-74
activity#cn.jiguang.demo.jpush.MainActivity
ADDED from src\main\AndroidManifest.xml:26:9-28:48
	android:label
		ADDED from src\main\AndroidManifest.xml:28:13-45
	android:name
		ADDED from src\main\AndroidManifest.xml:27:13-47
activity#cn.jiguang.demo.jpush.PushSetActivity
ADDED from src\main\AndroidManifest.xml:30:9-32:48
	android:label
		ADDED from src\main\AndroidManifest.xml:32:13-45
	android:name
		ADDED from src\main\AndroidManifest.xml:31:13-50
activity#cn.jiguang.demo.jpush.SettingActivity
ADDED from src\main\AndroidManifest.xml:34:9-36:48
	android:label
		ADDED from src\main\AndroidManifest.xml:36:13-45
	android:name
		ADDED from src\main\AndroidManifest.xml:35:13-50
activity#cn.jiguang.demo.jpush.TestActivity
ADDED from src\main\AndroidManifest.xml:38:9-45:20
	android:exported
		ADDED from src\main\AndroidManifest.xml:40:13-37
	android:name
		ADDED from src\main\AndroidManifest.xml:39:13-47
intent-filter#action:name:jpush.testAction+category:name:jpush.testCategory
ADDED from src\main\AndroidManifest.xml:41:13-44:29
action#jpush.testAction
ADDED from src\main\AndroidManifest.xml:42:17-59
	android:name
		ADDED from src\main\AndroidManifest.xml:42:25-56
category#jpush.testCategory
ADDED from src\main\AndroidManifest.xml:43:17-63
	android:name
		ADDED from src\main\AndroidManifest.xml:43:27-60
receiver#cn.jiguang.demo.jpush.MyReceiver
ADDED from src\main\AndroidManifest.xml:47:9-58:20
	android:enabled
		ADDED from src\main\AndroidManifest.xml:49:13-35
	android:name
		ADDED from src\main\AndroidManifest.xml:48:13-45
intent-filter#action:name:cn.jpush.android.intent.CONNECTION+action:name:cn.jpush.android.intent.MESSAGE_RECEIVED+action:name:cn.jpush.android.intent.NOTIFICATION_OPENED+action:name:cn.jpush.android.intent.NOTIFICATION_RECEIVED+action:name:cn.jpush.android.intent.REGISTRATION+category:name:com.example.day10
ADDED from src\main\AndroidManifest.xml:50:13-57:29
action#cn.jpush.android.intent.REGISTRATION
ADDED from src\main\AndroidManifest.xml:51:17-79
	android:name
		ADDED from src\main\AndroidManifest.xml:51:25-76
action#cn.jpush.android.intent.MESSAGE_RECEIVED
ADDED from src\main\AndroidManifest.xml:52:17-83
	android:name
		ADDED from src\main\AndroidManifest.xml:52:25-80
action#cn.jpush.android.intent.NOTIFICATION_RECEIVED
ADDED from src\main\AndroidManifest.xml:53:17-88
	android:name
		ADDED from src\main\AndroidManifest.xml:53:25-85
action#cn.jpush.android.intent.NOTIFICATION_OPENED
ADDED from src\main\AndroidManifest.xml:54:17-86
	android:name
		ADDED from src\main\AndroidManifest.xml:54:25-83
action#cn.jpush.android.intent.CONNECTION
ADDED from src\main\AndroidManifest.xml:55:17-77
	android:name
		ADDED from src\main\AndroidManifest.xml:55:25-74
receiver#cn.jiguang.demo.jpush.PushMessageReceiver
ADDED from src\main\AndroidManifest.xml:61:9-66:20
	android:name
		ADDED from src\main\AndroidManifest.xml:61:19-60
intent-filter#action:name:cn.jpush.android.intent.RECEIVE_MESSAGE+category:name:com.example.day10
ADDED from src\main\AndroidManifest.xml:62:13-65:29
action#cn.jpush.android.intent.RECEIVE_MESSAGE
ADDED from src\main\AndroidManifest.xml:63:17-82
	android:name
		ADDED from src\main\AndroidManifest.xml:63:25-79
activity#cn.jiguang.demo.jpush.OpenClickActivity
ADDED from src\main\AndroidManifest.xml:68:9-76:20
	android:exported
		ADDED from src\main\AndroidManifest.xml:70:13-36
	android:name
		ADDED from src\main\AndroidManifest.xml:69:13-52
intent-filter#action:name:android.intent.action.VIEW+action:name:com.example.jpushdemo.OpenClickActivity+category:name:android.intent.category.DEFAULT
ADDED from src\main\AndroidManifest.xml:71:13-75:29
action#android.intent.action.VIEW
ADDED from src\main\AndroidManifest.xml:72:17-69
	android:name
		ADDED from src\main\AndroidManifest.xml:72:25-66
category#android.intent.category.DEFAULT
ADDED from src\main\AndroidManifest.xml:73:17-76
	android:name
		ADDED from src\main\AndroidManifest.xml:73:27-73
action#com.example.jpushdemo.OpenClickActivity
ADDED from src\main\AndroidManifest.xml:74:17-82
	android:name
		ADDED from src\main\AndroidManifest.xml:74:25-79
service#cn.jiguang.demo.jpush.PushService
ADDED from src\main\AndroidManifest.xml:80:9-86:19
	android:process
		ADDED from src\main\AndroidManifest.xml:82:13-40
	android:name
		ADDED from src\main\AndroidManifest.xml:81:13-46
intent-filter#action:name:cn.jiguang.user.service.action
ADDED from src\main\AndroidManifest.xml:83:13-85:29
action#cn.jiguang.user.service.action
ADDED from src\main\AndroidManifest.xml:84:17-73
	android:name
		ADDED from src\main\AndroidManifest.xml:84:25-70
activity#cn.jiguang.demo.jshare.MainActivity
ADDED from src\main\AndroidManifest.xml:92:9-81
	android:name
		ADDED from src\main\AndroidManifest.xml:92:19-69
activity#cn.jiguang.demo.jshare.SelectPlatActivity
ADDED from src\main\AndroidManifest.xml:93:9-78
	android:name
		ADDED from src\main\AndroidManifest.xml:93:19-75
activity#cn.jiguang.demo.jshare.ShareTypeActivity
ADDED from src\main\AndroidManifest.xml:94:9-77
	android:name
		ADDED from src\main\AndroidManifest.xml:94:19-74
activity#cn.jiguang.share.android.ui.JiguangShellActivity
ADDED from src\main\AndroidManifest.xml:95:9-129:20
	android:launchMode
		ADDED from src\main\AndroidManifest.xml:98:13-44
	android:windowSoftInputMode
		ADDED from src\main\AndroidManifest.xml:100:13-67
	android:exported
		ADDED from src\main\AndroidManifest.xml:97:13-36
	android:theme
		ADDED from src\main\AndroidManifest.xml:99:13-72
	android:name
		ADDED from src\main\AndroidManifest.xml:96:13-76
intent-filter#action:name:android.intent.action.VIEW+category:name:android.intent.category.BROWSABLE+category:name:android.intent.category.DEFAULT+data:scheme:tencentÌÚÑ¶µÄappid
ADDED from src\main\AndroidManifest.xml:104:13-110:29
category#android.intent.category.BROWSABLE
ADDED from src\main\AndroidManifest.xml:108:17-78
	android:name
		ADDED from src\main\AndroidManifest.xml:108:27-75
intent-filter#action:name:com.sina.weibo.sdk.action.ACTION_SDK_REQ_ACTIVITY+category:name:android.intent.category.DEFAULT
ADDED from src\main\AndroidManifest.xml:113:13-116:29
action#com.sina.weibo.sdk.action.ACTION_SDK_REQ_ACTIVITY
ADDED from src\main\AndroidManifest.xml:114:17-92
	android:name
		ADDED from src\main\AndroidManifest.xml:114:25-89
intent-filter#action:name:android.intent.action.VIEW+category:name:android.intent.category.BROWSABLE+category:name:android.intent.category.DEFAULT+data:host:sinaweibo+data:scheme:jsharesdk
ADDED from src\main\AndroidManifest.xml:119:13-128:29
receiver#cn.jiguang.demo.jshare.FaceBookUploadReceiver
ADDED from src\main\AndroidManifest.xml:143:9-147:20
	android:name
		ADDED from src\main\AndroidManifest.xml:143:19-79
intent-filter#action:name:com.facebook.platform.AppCallResultBroadcast
ADDED from src\main\AndroidManifest.xml:144:13-146:29
action#com.facebook.platform.AppCallResultBroadcast
ADDED from src\main\AndroidManifest.xml:145:17-87
	android:name
		ADDED from src\main\AndroidManifest.xml:145:25-84
activity#cn.jiguang.demo.jshare.plugin.JChatProCallbackActivity
ADDED from src\main\AndroidManifest.xml:149:9-152:75
	android:exported
		ADDED from src\main\AndroidManifest.xml:151:13-36
	android:theme
		ADDED from src\main\AndroidManifest.xml:152:13-72
	android:name
		ADDED from src\main\AndroidManifest.xml:150:13-82
uses-sdk
INJECTED from src\main\AndroidManifest.xml reason: use-sdk injection requested
INJECTED from src\main\AndroidManifest.xml
INJECTED from src\main\AndroidManifest.xml
MERGED from [androidx.constraintlayout:constraintlayout:2.0.1] AndroidManifest.xml:5:5-7:41
MERGED from [androidx.constraintlayout:constraintlayout:2.0.1] AndroidManifest.xml:5:5-7:41
MERGED from [androidx.appcompat:appcompat:1.2.0] AndroidManifest.xml:20:5-22:41
MERGED from [androidx.appcompat:appcompat:1.2.0] AndroidManifest.xml:20:5-22:41
MERGED from [:jiguang] AndroidManifest.xml:7:5-10:1285
MERGED from [:jiguang] AndroidManifest.xml:7:5-10:1285
MERGED from [:com.heytap.msp-push-2.1.0:] AndroidManifest.xml:7:5-9:41
MERGED from [:com.heytap.msp-push-2.1.0:] AndroidManifest.xml:7:5-9:41
MERGED from [androidx.cursoradapter:cursoradapter:1.0.0] AndroidManifest.xml:20:5-44
MERGED from [androidx.cursoradapter:cursoradapter:1.0.0] AndroidManifest.xml:20:5-44
MERGED from [androidx.fragment:fragment:1.1.0] AndroidManifest.xml:20:5-22:41
MERGED from [androidx.fragment:fragment:1.1.0] AndroidManifest.xml:20:5-22:41
MERGED from [androidx.appcompat:appcompat-resources:1.2.0] AndroidManifest.xml:20:5-22:41
MERGED from [androidx.appcompat:appcompat-resources:1.2.0] AndroidManifest.xml:20:5-22:41
MERGED from [androidx.drawerlayout:drawerlayout:1.0.0] AndroidManifest.xml:20:5-44
MERGED from [androidx.drawerlayout:drawerlayout:1.0.0] AndroidManifest.xml:20:5-44
MERGED from [androidx.viewpager:viewpager:1.0.0] AndroidManifest.xml:20:5-44
MERGED from [androidx.viewpager:viewpager:1.0.0] AndroidManifest.xml:20:5-44
MERGED from [androidx.loader:loader:1.0.0] AndroidManifest.xml:20:5-44
MERGED from [androidx.loader:loader:1.0.0] AndroidManifest.xml:20:5-44
MERGED from [androidx.activity:activity:1.0.0] AndroidManifest.xml:20:5-22:41
MERGED from [androidx.activity:activity:1.0.0] AndroidManifest.xml:20:5-22:41
MERGED from [androidx.vectordrawable:vectordrawable-animated:1.1.0] AndroidManifest.xml:20:5-22:41
MERGED from [androidx.vectordrawable:vectordrawable-animated:1.1.0] AndroidManifest.xml:20:5-22:41
MERGED from [androidx.vectordrawable:vectordrawable:1.1.0] AndroidManifest.xml:20:5-22:41
MERGED from [androidx.vectordrawable:vectordrawable:1.1.0] AndroidManifest.xml:20:5-22:41
MERGED from [androidx.customview:customview:1.0.0] AndroidManifest.xml:20:5-44
MERGED from [androidx.customview:customview:1.0.0] AndroidManifest.xml:20:5-44
MERGED from [androidx.core:core:1.3.1] AndroidManifest.xml:20:5-22:41
MERGED from [androidx.core:core:1.3.1] AndroidManifest.xml:20:5-22:41
MERGED from [androidx.versionedparcelable:versionedparcelable:1.1.0] AndroidManifest.xml:20:5-22:41
MERGED from [androidx.versionedparcelable:versionedparcelable:1.1.0] AndroidManifest.xml:20:5-22:41
MERGED from [androidx.lifecycle:lifecycle-runtime:2.1.0] AndroidManifest.xml:20:5-44
MERGED from [androidx.lifecycle:lifecycle-runtime:2.1.0] AndroidManifest.xml:20:5-44
MERGED from [androidx.lifecycle:lifecycle-viewmodel:2.1.0] AndroidManifest.xml:20:5-44
MERGED from [androidx.lifecycle:lifecycle-viewmodel:2.1.0] AndroidManifest.xml:20:5-44
MERGED from [androidx.savedstate:savedstate:1.0.0] AndroidManifest.xml:20:5-22:41
MERGED from [androidx.savedstate:savedstate:1.0.0] AndroidManifest.xml:20:5-22:41
MERGED from [androidx.interpolator:interpolator:1.0.0] AndroidManifest.xml:20:5-44
MERGED from [androidx.interpolator:interpolator:1.0.0] AndroidManifest.xml:20:5-44
MERGED from [androidx.lifecycle:lifecycle-livedata:2.0.0] AndroidManifest.xml:20:5-44
MERGED from [androidx.lifecycle:lifecycle-livedata:2.0.0] AndroidManifest.xml:20:5-44
MERGED from [androidx.lifecycle:lifecycle-livedata-core:2.0.0] AndroidManifest.xml:20:5-44
MERGED from [androidx.lifecycle:lifecycle-livedata-core:2.0.0] AndroidManifest.xml:20:5-44
MERGED from [androidx.arch.core:core-runtime:2.0.0] AndroidManifest.xml:20:5-44
MERGED from [androidx.arch.core:core-runtime:2.0.0] AndroidManifest.xml:20:5-44
INJECTED from src\main\AndroidManifest.xml
INJECTED from src\main\AndroidManifest.xml
	tools:overrideLibrary
		ADDED from [:jiguang] AndroidManifest.xml:10:9-1282
	android:targetSdkVersion
		INJECTED from src\main\AndroidManifest.xml
		ADDED from src\main\AndroidManifest.xml
		INJECTED from src\main\AndroidManifest.xml
	android:minSdkVersion
		INJECTED from src\main\AndroidManifest.xml
		ADDED from src\main\AndroidManifest.xml
		INJECTED from src\main\AndroidManifest.xml
permission#${JPUSH_PKGNAME}.permission.JPUSH_MESSAGE
ADDED from [:jiguang] AndroidManifest.xml:13:5-15:47
	android:protectionLevel
		ADDED from [:jiguang] AndroidManifest.xml:15:9-44
	android:name
		ADDED from [:jiguang] AndroidManifest.xml:14:9-65
permission#com.example.day10.permission.JPUSH_MESSAGE
ADDED from [:jiguang] AndroidManifest.xml:13:5-15:47
	android:protectionLevel
		ADDED from [:jiguang] AndroidManifest.xml:15:9-44
	android:name
		ADDED from [:jiguang] AndroidManifest.xml:14:9-65
uses-permission#${JPUSH_PKGNAME}.permission.JPUSH_MESSAGE
ADDED from [:jiguang] AndroidManifest.xml:17:5-81
	android:name
		ADDED from [:jiguang] AndroidManifest.xml:17:22-78
uses-permission#com.example.day10.permission.JPUSH_MESSAGE
ADDED from [:jiguang] AndroidManifest.xml:17:5-81
	android:name
		ADDED from [:jiguang] AndroidManifest.xml:17:22-78
uses-permission#android.permission.RECEIVE_USER_PRESENT
ADDED from [:jiguang] AndroidManifest.xml:18:5-79
	android:name
		ADDED from [:jiguang] AndroidManifest.xml:18:22-76
uses-permission#android.permission.INTERNET
ADDED from [:jiguang] AndroidManifest.xml:19:5-67
	android:name
		ADDED from [:jiguang] AndroidManifest.xml:19:22-64
uses-permission#android.permission.READ_PHONE_STATE
ADDED from [:jiguang] AndroidManifest.xml:20:5-75
	android:name
		ADDED from [:jiguang] AndroidManifest.xml:20:22-72
uses-permission#android.permission.WRITE_EXTERNAL_STORAGE
ADDED from [:jiguang] AndroidManifest.xml:21:5-81
	android:name
		ADDED from [:jiguang] AndroidManifest.xml:21:22-78
uses-permission#android.permission.READ_EXTERNAL_STORAGE
ADDED from [:jiguang] AndroidManifest.xml:22:5-80
	android:name
		ADDED from [:jiguang] AndroidManifest.xml:22:22-77
uses-permission#android.permission.WRITE_SETTINGS
ADDED from [:jiguang] AndroidManifest.xml:23:5-73
	android:name
		ADDED from [:jiguang] AndroidManifest.xml:23:22-70
uses-permission#android.permission.MOUNT_UNMOUNT_FILESYSTEMS
ADDED from [:jiguang] AndroidManifest.xml:24:5-84
	android:name
		ADDED from [:jiguang] AndroidManifest.xml:24:22-81
uses-permission#android.permission.ACCESS_NETWORK_STATE
ADDED from [:jiguang] AndroidManifest.xml:25:5-79
	android:name
		ADDED from [:jiguang] AndroidManifest.xml:25:22-76
uses-permission#android.permission.ACCESS_WIFI_STATE
ADDED from [:jiguang] AndroidManifest.xml:26:5-76
	android:name
		ADDED from [:jiguang] AndroidManifest.xml:26:22-73
uses-permission#com.huawei.android.launcher.permission.CHANGE_BADGE
ADDED from [:jiguang] AndroidManifest.xml:28:5-91
	android:name
		ADDED from [:jiguang] AndroidManifest.xml:28:22-88
uses-permission#android.permission.VIBRATE
ADDED from [:jiguang] AndroidManifest.xml:30:5-66
	android:name
		ADDED from [:jiguang] AndroidManifest.xml:30:22-63
uses-permission#android.permission.SYSTEM_ALERT_WINDOW
ADDED from [:jiguang] AndroidManifest.xml:31:5-78
	android:name
		ADDED from [:jiguang] AndroidManifest.xml:31:22-75
uses-permission#android.permission.ACCESS_COARSE_LOCATION
ADDED from [:jiguang] AndroidManifest.xml:32:5-81
	android:name
		ADDED from [:jiguang] AndroidManifest.xml:32:22-78
uses-permission#android.permission.CHANGE_WIFI_STATE
ADDED from [:jiguang] AndroidManifest.xml:33:5-76
	android:name
		ADDED from [:jiguang] AndroidManifest.xml:33:22-73
uses-permission#android.permission.ACCESS_FINE_LOCATION
ADDED from [:jiguang] AndroidManifest.xml:34:5-79
	android:name
		ADDED from [:jiguang] AndroidManifest.xml:34:22-76
uses-permission#android.permission.ACCESS_BACKGROUND_LOCATION
ADDED from [:jiguang] AndroidManifest.xml:35:5-85
	android:name
		ADDED from [:jiguang] AndroidManifest.xml:35:22-82
uses-permission#android.permission.ACCESS_LOCATION_EXTRA_COMMANDS
ADDED from [:jiguang] AndroidManifest.xml:36:5-89
	android:name
		ADDED from [:jiguang] AndroidManifest.xml:36:22-86
uses-permission#android.permission.CHANGE_NETWORK_STATE
ADDED from [:jiguang] AndroidManifest.xml:37:5-79
	android:name
		ADDED from [:jiguang] AndroidManifest.xml:37:22-76
uses-permission#android.permission.GET_TASKS
ADDED from [:jiguang] AndroidManifest.xml:38:5-68
	android:name
		ADDED from [:jiguang] AndroidManifest.xml:38:22-65
uses-permission#android.permission.QUERY_ALL_PACKAGES
ADDED from [:jiguang] AndroidManifest.xml:39:5-77
	android:name
		ADDED from [:jiguang] AndroidManifest.xml:39:22-74
permission#${applicationId}.permission.MIPUSH_RECEIVE
ADDED from [:jiguang] AndroidManifest.xml:42:5-44:47
	android:protectionLevel
		ADDED from [:jiguang] AndroidManifest.xml:44:9-44
	android:name
		ADDED from [:jiguang] AndroidManifest.xml:43:9-66
permission#com.example.day10.permission.MIPUSH_RECEIVE
ADDED from [:jiguang] AndroidManifest.xml:42:5-44:47
	android:protectionLevel
		ADDED from [:jiguang] AndroidManifest.xml:44:9-44
	android:name
		ADDED from [:jiguang] AndroidManifest.xml:43:9-66
uses-permission#${applicationId}.permission.MIPUSH_RECEIVE
ADDED from [:jiguang] AndroidManifest.xml:46:5-82
	android:name
		ADDED from [:jiguang] AndroidManifest.xml:46:22-79
uses-permission#com.example.day10.permission.MIPUSH_RECEIVE
ADDED from [:jiguang] AndroidManifest.xml:46:5-82
	android:name
		ADDED from [:jiguang] AndroidManifest.xml:46:22-79
uses-permission#com.coloros.mcs.permission.RECIEVE_MCS_MESSAGE
ADDED from [:jiguang] AndroidManifest.xml:49:5-86
MERGED from [:com.heytap.msp-push-2.1.0:] AndroidManifest.xml:11:5-86
MERGED from [:com.heytap.msp-push-2.1.0:] AndroidManifest.xml:11:5-86
	android:name
		ADDED from [:jiguang] AndroidManifest.xml:49:22-83
uses-permission#com.heytap.mcs.permission.RECIEVE_MCS_MESSAGE
ADDED from [:jiguang] AndroidManifest.xml:50:5-85
	android:name
		ADDED from [:jiguang] AndroidManifest.xml:50:22-82
uses-permission#android.permission.WAKE_LOCK
ADDED from [:jiguang] AndroidManifest.xml:55:5-68
	android:name
		ADDED from [:jiguang] AndroidManifest.xml:55:22-65
uses-permission#android.permission.KILL_BACKGROUND_PROCESSES
ADDED from [:jiguang] AndroidManifest.xml:56:5-84
	android:name
		ADDED from [:jiguang] AndroidManifest.xml:56:22-81
uses-permission#android.permission.MANAGE_ACCOUNTS
ADDED from [:jiguang] AndroidManifest.xml:57:5-74
	android:name
		ADDED from [:jiguang] AndroidManifest.xml:57:22-71
uses-permission#android.permission.GET_ACCOUNTS
ADDED from [:jiguang] AndroidManifest.xml:58:5-71
	android:name
		ADDED from [:jiguang] AndroidManifest.xml:58:22-68
activity#cn.jpush.android.ui.PopWinActivity
ADDED from [:jiguang] AndroidManifest.xml:64:9-75:20
	android:exported
		ADDED from [:jiguang] AndroidManifest.xml:66:13-36
	android:theme
		ADDED from [:jiguang] AndroidManifest.xml:67:13-49
	android:name
		ADDED from [:jiguang] AndroidManifest.xml:65:13-62
intent-filter#action:name:cn.jpush.android.ui.PopWinActivity+category:name:${JPUSH_PKGNAME}+category:name:android.intent.category.DEFAULT
ADDED from [:jiguang] AndroidManifest.xml:68:13-74:29
intent-filter#action:name:cn.jpush.android.ui.PopWinActivity+category:name:android.intent.category.DEFAULT+category:name:com.example.day10
ADDED from [:jiguang] AndroidManifest.xml:68:13-74:29
action#cn.jpush.android.ui.PopWinActivity
ADDED from [:jiguang] AndroidManifest.xml:71:17-77
	android:name
		ADDED from [:jiguang] AndroidManifest.xml:71:25-74
category#${JPUSH_PKGNAME}
ADDED from [:jiguang] AndroidManifest.xml:73:17-61
	android:name
		ADDED from [:jiguang] AndroidManifest.xml:73:27-58
activity#cn.jpush.android.ui.PushActivity
ADDED from [:jiguang] AndroidManifest.xml:78:9-89:20
	android:exported
		ADDED from [:jiguang] AndroidManifest.xml:81:13-36
	android:configChanges
		ADDED from [:jiguang] AndroidManifest.xml:80:13-63
	android:theme
		ADDED from [:jiguang] AndroidManifest.xml:82:13-60
	android:name
		ADDED from [:jiguang] AndroidManifest.xml:79:13-60
intent-filter#action:name:cn.jpush.android.ui.PushActivity+category:name:${JPUSH_PKGNAME}+category:name:android.intent.category.DEFAULT
ADDED from [:jiguang] AndroidManifest.xml:83:13-88:29
intent-filter#action:name:cn.jpush.android.ui.PushActivity+category:name:android.intent.category.DEFAULT+category:name:com.example.day10
ADDED from [:jiguang] AndroidManifest.xml:83:13-88:29
action#cn.jpush.android.ui.PushActivity
ADDED from [:jiguang] AndroidManifest.xml:84:17-75
	android:name
		ADDED from [:jiguang] AndroidManifest.xml:84:25-72
receiver#cn.jpush.android.service.SchedulerReceiver
ADDED from [:jiguang] AndroidManifest.xml:93:9-95:40
	android:exported
		ADDED from [:jiguang] AndroidManifest.xml:95:13-37
	android:name
		ADDED from [:jiguang] AndroidManifest.xml:94:13-70
service#cn.jpush.android.service.MessagingIntentService
ADDED from [:jiguang] AndroidManifest.xml:98:9-83
	android:name
		ADDED from [:jiguang] AndroidManifest.xml:98:18-80
provider#cn.jpush.android.service.DataProvider
ADDED from [:jiguang] AndroidManifest.xml:101:9-105:43
	android:process
		ADDED from [:jiguang] AndroidManifest.xml:105:13-40
	android:authorities
		ADDED from [:jiguang] AndroidManifest.xml:103:13-64
	android:exported
		ADDED from [:jiguang] AndroidManifest.xml:104:13-37
	android:name
		ADDED from [:jiguang] AndroidManifest.xml:102:13-65
provider#cn.jpush.android.service.DownloadProvider
ADDED from [:jiguang] AndroidManifest.xml:107:9-110:39
	android:authorities
		ADDED from [:jiguang] AndroidManifest.xml:109:13-68
	android:exported
		ADDED from [:jiguang] AndroidManifest.xml:110:13-36
	android:name
		ADDED from [:jiguang] AndroidManifest.xml:108:13-69
activity#cn.jpush.android.service.JNotifyActivity
ADDED from [:jiguang] AndroidManifest.xml:113:9-123:20
	android:exported
		ADDED from [:jiguang] AndroidManifest.xml:115:13-36
	android:theme
		ADDED from [:jiguang] AndroidManifest.xml:117:13-72
	android:taskAffinity
		ADDED from [:jiguang] AndroidManifest.xml:116:13-48
	android:name
		ADDED from [:jiguang] AndroidManifest.xml:114:13-68
intent-filter#action:name:cn.jpush.android.intent.JNotifyActivity+category:name:${applicationId}
ADDED from [:jiguang] AndroidManifest.xml:118:13-122:29
intent-filter#action:name:cn.jpush.android.intent.JNotifyActivity+category:name:com.example.day10
ADDED from [:jiguang] AndroidManifest.xml:118:13-122:29
action#cn.jpush.android.intent.JNotifyActivity
ADDED from [:jiguang] AndroidManifest.xml:119:17-82
	android:name
		ADDED from [:jiguang] AndroidManifest.xml:119:25-79
category#${applicationId}
ADDED from [:jiguang] AndroidManifest.xml:121:17-61
	android:name
		ADDED from [:jiguang] AndroidManifest.xml:121:27-58
receiver#cn.jpush.android.asus.AsusPushMessageReceiver
ADDED from [:jiguang] AndroidManifest.xml:125:9-82
	android:name
		ADDED from [:jiguang] AndroidManifest.xml:125:19-79
service#cn.jpush.android.service.PushService
ADDED from [:jiguang] AndroidManifest.xml:132:9-143:19
	android:process
		ADDED from [:jiguang] AndroidManifest.xml:136:13-40
	android:enabled
		ADDED from [:jiguang] AndroidManifest.xml:134:13-35
	android:exported
		ADDED from [:jiguang] AndroidManifest.xml:135:13-37
	android:name
		ADDED from [:jiguang] AndroidManifest.xml:133:13-64
intent-filter#action:name:cn.jpush.android.intent.PUSH_TIME+action:name:cn.jpush.android.intent.PushService+action:name:cn.jpush.android.intent.REGISTER+action:name:cn.jpush.android.intent.REPORT
ADDED from [:jiguang] AndroidManifest.xml:137:13-142:29
action#cn.jpush.android.intent.REGISTER
ADDED from [:jiguang] AndroidManifest.xml:138:17-75
	android:name
		ADDED from [:jiguang] AndroidManifest.xml:138:25-72
action#cn.jpush.android.intent.REPORT
ADDED from [:jiguang] AndroidManifest.xml:139:17-73
	android:name
		ADDED from [:jiguang] AndroidManifest.xml:139:25-70
action#cn.jpush.android.intent.PushService
ADDED from [:jiguang] AndroidManifest.xml:140:17-78
	android:name
		ADDED from [:jiguang] AndroidManifest.xml:140:25-75
action#cn.jpush.android.intent.PUSH_TIME
ADDED from [:jiguang] AndroidManifest.xml:141:17-76
	android:name
		ADDED from [:jiguang] AndroidManifest.xml:141:25-73
service#cn.jpush.android.service.DaemonService
ADDED from [:jiguang] AndroidManifest.xml:147:9-156:19
	android:enabled